<?xml version="1.0" encoding="utf-8"?><testsuites name="pytest tests"><testsuite name="pytest" errors="0" failures="0" skipped="0" tests="22" time="8.873" timestamp="2026-04-03T07:50:09.123537+00:00" hostname="agent-env-9e7c99b3-3419-4aad-a7c1-0c1a4e41c92f"><testcase classname="tests.test_backend_api.TestAuth" name="test_admin_login_success" time="0.435" /><testcase classname="tests.test_backend_api.TestAuth" name="test_user_login_success" time="0.359" /><testcase classname="tests.test_backend_api.TestAuth" name="test_login_invalid_credentials" time="0.124" /><testcase classname="tests.test_backend_api.TestAuth" name="test_auth_me_with_admin_token" time="0.414" /><testcase classname="tests.test_backend_api.TestAuth" name="test_auth_me_with_user_token" time="0.374" /><testcase classname="tests.test_backend_api.TestAuth" name="test_auth_me_without_token" time="0.139" /><testcase classname="tests.test_backend_api.TestQuestions" name="test_get_active_questions_as_user" time="0.372" /><testcase classname="tests.test_backend_api.TestQuestions" name="test_get_all_questions_as_admin" time="0.367" /><testcase classname="tests.test_backend_api.TestQuestions" name="test_get_all_questions_as_user_forbidden" time="0.376" /><testcase classname="tests.test_backend_api.TestQuestions" name="test_create_question_as_admin" time="0.414" /><testcase classname="tests.test_backend_api.TestQuestions" name="test_create_question_invalid_category" time="0.391" /><testcase classname="tests.test_backend_api.TestQuestions" name="test_update_question_as_admin" time="0.457" /><testcase classname="tests.test_backend_api.TestQuestions" name="test_delete_question_as_admin" time="0.495" /><testcase classname="tests.test_backend_api.TestReports" name="test_create_report_as_user" time="0.439" /><testcase classname="tests.test_backend_api.TestReports" name="test_get_open_report_as_user" time="0.414" /><testcase classname="tests.test_backend_api.TestReports" name="test_cannot_create_report_while_one_open" time="0.562" /><testcase classname="tests.test_backend_api.TestReports" name="test_close_report_as_user" time="0.495" /><testcase classname="tests.test_backend_api.TestReports" name="test_get_all_reports_as_user" time="0.369" /><testcase classname="tests.test_backend_api.TestReports" name="test_get_all_reports_as_admin" time="0.545" /><testcase classname="tests.test_backend_api.TestSettings" name="test_get_settings_as_user" time="0.377" /><testcase classname="tests.test_backend_api.TestSettings" name="test_update_settings_as_admin" time="0.409" /><testcase classname="tests.test_backend_api.TestSettings" name="test_update_settings_as_user_forbidden" time="0.441" /></testsuite></testsuites>